2019-12-26 17:18:51,221 ERROR 97205 [-/127.0.0.1/-/0ms GET /] nodejs.ER_NOT_SUPPORTED_AUTH_MODEError: ER_NOT_SUPPORTED_AUTH_MODE: Client does not support authentication protocol requested by server; consider upgrading MySQL client
    at Handshake.Sequence._packetToError (/Users/liukang/Documents/entrance/work/github/defender/node_modules/mysql/lib/protocol/sequences/Sequence.js:47:14)
    at Handshake.ErrorPacket (/Users/liukang/Documents/entrance/work/github/defender/node_modules/mysql/lib/protocol/sequences/Handshake.js:123:18)
    at Protocol._parsePacket (/Users/liukang/Documents/entrance/work/github/defender/node_modules/mysql/lib/protocol/Protocol.js:291:23)
    at Parser._parsePacket (/Users/liukang/Documents/entrance/work/github/defender/node_modules/mysql/lib/protocol/Parser.js:433:10)
    at Parser.write (/Users/liukang/Documents/entrance/work/github/defender/node_modules/mysql/lib/protocol/Parser.js:43:10)
    at Protocol.write (/Users/liukang/Documents/entrance/work/github/defender/node_modules/mysql/lib/protocol/Protocol.js:38:16)
    at Socket.<anonymous> (/Users/liukang/Documents/entrance/work/github/defender/node_modules/mysql/lib/Connection.js:91:28)
    at Socket.<anonymous> (/Users/liukang/Documents/entrance/work/github/defender/node_modules/mysql/lib/Connection.js:525:10)
    at Socket.emit (events.js:189:13)
    at addChunk (_stream_readable.js:284:12)
    --------------------
    at Protocol._enqueue (/Users/liukang/Documents/entrance/work/github/defender/node_modules/mysql/lib/protocol/Protocol.js:144:48)
    at Protocol.handshake (/Users/liukang/Documents/entrance/work/github/defender/node_modules/mysql/lib/protocol/Protocol.js:51:23)
    at PoolConnection.connect (/Users/liukang/Documents/entrance/work/github/defender/node_modules/mysql/lib/Connection.js:119:18)
    at Pool.getConnection (/Users/liukang/Documents/entrance/work/github/defender/node_modules/mysql/lib/Pool.js:48:16)
    at /Users/liukang/Documents/entrance/work/github/defender/node_modules/ali-rds/node_modules/pify/index.js:29:7
    at new Promise (<anonymous>)
    at Pool.<anonymous> (/Users/liukang/Documents/entrance/work/github/defender/node_modules/ali-rds/node_modules/pify/index.js:12:10)
    at Pool.ret [as getConnection] (/Users/liukang/Documents/entrance/work/github/defender/node_modules/ali-rds/node_modules/pify/index.js:56:34)
    at Pool.query (/Users/liukang/Documents/entrance/work/github/defender/node_modules/mysql/lib/Pool.js:202:8)
    at /Users/liukang/Documents/entrance/work/github/defender/node_modules/ali-rds/node_modules/pify/index.js:29:7
    sql: select now() as currentTime;
code: "ER_NOT_SUPPORTED_AUTH_MODE"
errno: 1251
sqlMessage: "Client does not support authentication protocol requested by server; consider upgrading MySQL client"
sqlState: "08004"
fatal: true
name: "ER_NOT_SUPPORTED_AUTH_MODEError"
pid: 97205
hostname: liukang.local

2019-12-26 17:19:24,687 ERROR 97291 [-/127.0.0.1/-/0ms GET /] nodejs.ER_NOT_SUPPORTED_AUTH_MODEError: ER_NOT_SUPPORTED_AUTH_MODE: Client does not support authentication protocol requested by server; consider upgrading MySQL client
    at Handshake.Sequence._packetToError (/Users/liukang/Documents/entrance/work/github/defender/node_modules/mysql/lib/protocol/sequences/Sequence.js:47:14)
    at Handshake.ErrorPacket (/Users/liukang/Documents/entrance/work/github/defender/node_modules/mysql/lib/protocol/sequences/Handshake.js:123:18)
    at Protocol._parsePacket (/Users/liukang/Documents/entrance/work/github/defender/node_modules/mysql/lib/protocol/Protocol.js:291:23)
    at Parser._parsePacket (/Users/liukang/Documents/entrance/work/github/defender/node_modules/mysql/lib/protocol/Parser.js:433:10)
    at Parser.write (/Users/liukang/Documents/entrance/work/github/defender/node_modules/mysql/lib/protocol/Parser.js:43:10)
    at Protocol.write (/Users/liukang/Documents/entrance/work/github/defender/node_modules/mysql/lib/protocol/Protocol.js:38:16)
    at Socket.<anonymous> (/Users/liukang/Documents/entrance/work/github/defender/node_modules/mysql/lib/Connection.js:91:28)
    at Socket.<anonymous> (/Users/liukang/Documents/entrance/work/github/defender/node_modules/mysql/lib/Connection.js:525:10)
    at Socket.emit (events.js:189:13)
    at addChunk (_stream_readable.js:284:12)
    --------------------
    at Protocol._enqueue (/Users/liukang/Documents/entrance/work/github/defender/node_modules/mysql/lib/protocol/Protocol.js:144:48)
    at Protocol.handshake (/Users/liukang/Documents/entrance/work/github/defender/node_modules/mysql/lib/protocol/Protocol.js:51:23)
    at PoolConnection.connect (/Users/liukang/Documents/entrance/work/github/defender/node_modules/mysql/lib/Connection.js:119:18)
    at Pool.getConnection (/Users/liukang/Documents/entrance/work/github/defender/node_modules/mysql/lib/Pool.js:48:16)
    at /Users/liukang/Documents/entrance/work/github/defender/node_modules/ali-rds/node_modules/pify/index.js:29:7
    at new Promise (<anonymous>)
    at Pool.<anonymous> (/Users/liukang/Documents/entrance/work/github/defender/node_modules/ali-rds/node_modules/pify/index.js:12:10)
    at Pool.ret [as getConnection] (/Users/liukang/Documents/entrance/work/github/defender/node_modules/ali-rds/node_modules/pify/index.js:56:34)
    at Pool.query (/Users/liukang/Documents/entrance/work/github/defender/node_modules/mysql/lib/Pool.js:202:8)
    at /Users/liukang/Documents/entrance/work/github/defender/node_modules/ali-rds/node_modules/pify/index.js:29:7
    sql: select now() as currentTime;
code: "ER_NOT_SUPPORTED_AUTH_MODE"
errno: 1251
sqlMessage: "Client does not support authentication protocol requested by server; consider upgrading MySQL client"
sqlState: "08004"
fatal: true
name: "ER_NOT_SUPPORTED_AUTH_MODEError"
pid: 97291
hostname: liukang.local

2019-12-26 17:32:44,128 ERROR 98448 [-/127.0.0.1/-/0ms GET /] nodejs.ER_NOT_SUPPORTED_AUTH_MODEError: ER_NOT_SUPPORTED_AUTH_MODE: Client does not support authentication protocol requested by server; consider upgrading MySQL client
    at Handshake.Sequence._packetToError (/Users/liukang/Documents/entrance/work/github/defender/node_modules/mysql/lib/protocol/sequences/Sequence.js:47:14)
    at Handshake.ErrorPacket (/Users/liukang/Documents/entrance/work/github/defender/node_modules/mysql/lib/protocol/sequences/Handshake.js:123:18)
    at Protocol._parsePacket (/Users/liukang/Documents/entrance/work/github/defender/node_modules/mysql/lib/protocol/Protocol.js:291:23)
    at Parser._parsePacket (/Users/liukang/Documents/entrance/work/github/defender/node_modules/mysql/lib/protocol/Parser.js:433:10)
    at Parser.write (/Users/liukang/Documents/entrance/work/github/defender/node_modules/mysql/lib/protocol/Parser.js:43:10)
    at Protocol.write (/Users/liukang/Documents/entrance/work/github/defender/node_modules/mysql/lib/protocol/Protocol.js:38:16)
    at Socket.<anonymous> (/Users/liukang/Documents/entrance/work/github/defender/node_modules/mysql/lib/Connection.js:91:28)
    at Socket.<anonymous> (/Users/liukang/Documents/entrance/work/github/defender/node_modules/mysql/lib/Connection.js:525:10)
    at Socket.emit (events.js:189:13)
    at addChunk (_stream_readable.js:284:12)
    --------------------
    at Protocol._enqueue (/Users/liukang/Documents/entrance/work/github/defender/node_modules/mysql/lib/protocol/Protocol.js:144:48)
    at Protocol.handshake (/Users/liukang/Documents/entrance/work/github/defender/node_modules/mysql/lib/protocol/Protocol.js:51:23)
    at PoolConnection.connect (/Users/liukang/Documents/entrance/work/github/defender/node_modules/mysql/lib/Connection.js:119:18)
    at Pool.getConnection (/Users/liukang/Documents/entrance/work/github/defender/node_modules/mysql/lib/Pool.js:48:16)
    at /Users/liukang/Documents/entrance/work/github/defender/node_modules/ali-rds/node_modules/pify/index.js:29:7
    at new Promise (<anonymous>)
    at Pool.<anonymous> (/Users/liukang/Documents/entrance/work/github/defender/node_modules/ali-rds/node_modules/pify/index.js:12:10)
    at Pool.ret [as getConnection] (/Users/liukang/Documents/entrance/work/github/defender/node_modules/ali-rds/node_modules/pify/index.js:56:34)
    at Pool.query (/Users/liukang/Documents/entrance/work/github/defender/node_modules/mysql/lib/Pool.js:202:8)
    at /Users/liukang/Documents/entrance/work/github/defender/node_modules/ali-rds/node_modules/pify/index.js:29:7
    sql: select now() as currentTime;
code: "ER_NOT_SUPPORTED_AUTH_MODE"
errno: 1251
sqlMessage: "Client does not support authentication protocol requested by server; consider upgrading MySQL client"
sqlState: "08004"
fatal: true
name: "ER_NOT_SUPPORTED_AUTH_MODEError"
pid: 98448
hostname: liukang.local

2019-12-26 17:33:37,181 ERROR 98561 [-/127.0.0.1/-/0ms GET /] nodejs.ER_NOT_SUPPORTED_AUTH_MODEError: ER_NOT_SUPPORTED_AUTH_MODE: Client does not support authentication protocol requested by server; consider upgrading MySQL client
    at Handshake.Sequence._packetToError (/Users/liukang/Documents/entrance/work/github/defender/node_modules/mysql/lib/protocol/sequences/Sequence.js:47:14)
    at Handshake.ErrorPacket (/Users/liukang/Documents/entrance/work/github/defender/node_modules/mysql/lib/protocol/sequences/Handshake.js:123:18)
    at Protocol._parsePacket (/Users/liukang/Documents/entrance/work/github/defender/node_modules/mysql/lib/protocol/Protocol.js:291:23)
    at Parser._parsePacket (/Users/liukang/Documents/entrance/work/github/defender/node_modules/mysql/lib/protocol/Parser.js:433:10)
    at Parser.write (/Users/liukang/Documents/entrance/work/github/defender/node_modules/mysql/lib/protocol/Parser.js:43:10)
    at Protocol.write (/Users/liukang/Documents/entrance/work/github/defender/node_modules/mysql/lib/protocol/Protocol.js:38:16)
    at Socket.<anonymous> (/Users/liukang/Documents/entrance/work/github/defender/node_modules/mysql/lib/Connection.js:91:28)
    at Socket.<anonymous> (/Users/liukang/Documents/entrance/work/github/defender/node_modules/mysql/lib/Connection.js:525:10)
    at Socket.emit (events.js:189:13)
    at addChunk (_stream_readable.js:284:12)
    --------------------
    at Protocol._enqueue (/Users/liukang/Documents/entrance/work/github/defender/node_modules/mysql/lib/protocol/Protocol.js:144:48)
    at Protocol.handshake (/Users/liukang/Documents/entrance/work/github/defender/node_modules/mysql/lib/protocol/Protocol.js:51:23)
    at PoolConnection.connect (/Users/liukang/Documents/entrance/work/github/defender/node_modules/mysql/lib/Connection.js:119:18)
    at Pool.getConnection (/Users/liukang/Documents/entrance/work/github/defender/node_modules/mysql/lib/Pool.js:48:16)
    at /Users/liukang/Documents/entrance/work/github/defender/node_modules/ali-rds/node_modules/pify/index.js:29:7
    at new Promise (<anonymous>)
    at Pool.<anonymous> (/Users/liukang/Documents/entrance/work/github/defender/node_modules/ali-rds/node_modules/pify/index.js:12:10)
    at Pool.ret [as getConnection] (/Users/liukang/Documents/entrance/work/github/defender/node_modules/ali-rds/node_modules/pify/index.js:56:34)
    at Pool.query (/Users/liukang/Documents/entrance/work/github/defender/node_modules/mysql/lib/Pool.js:202:8)
    at /Users/liukang/Documents/entrance/work/github/defender/node_modules/ali-rds/node_modules/pify/index.js:29:7
    sql: select now() as currentTime;
code: "ER_NOT_SUPPORTED_AUTH_MODE"
errno: 1251
sqlMessage: "Client does not support authentication protocol requested by server; consider upgrading MySQL client"
sqlState: "08004"
fatal: true
name: "ER_NOT_SUPPORTED_AUTH_MODEError"
pid: 98561
hostname: liukang.local

