2019-12-26 17:18:50,905 INFO 97205 [egg:logger] init all loggers with options: {"dir":"/Users/liukang/Documents/entrance/work/github/defender/logs/defender2","encoding":"utf8","env":"local","level":"INFO","consoleLevel":"INFO","disableConsoleAfterReady":false,"outputJSON":false,"buffer":true,"appLogName":"defender2-web.log","coreLogName":"egg-web.log","agentLogName":"egg-agent.log","errorLogName":"common-error.log","coreLogger":{"consoleLevel":"WARN"},"allowDebugAtProd":false,"type":"application"}
2019-12-26 17:18:50,941 INFO 97205 [egg-multipart] stream mode enable
2019-12-26 17:18:50,942 INFO 97205 [egg-mysql] connecting root@localhost:3306/defender
2019-12-26 17:18:51,173 INFO 97205 [egg-static] starting static serve /public/ -> /Users/liukang/Documents/entrance/work/github/defender/app/public
2019-12-26 17:18:51,176 INFO 97205 [egg-security] use csrf middleware
2019-12-26 17:18:51,176 INFO 97205 [egg-security] use methodnoallow middleware
2019-12-26 17:18:51,177 INFO 97205 [egg-security] use noopen middleware
2019-12-26 17:18:51,177 INFO 97205 [egg-security] use nosniff middleware
2019-12-26 17:18:51,177 INFO 97205 [egg-security] use xssProtection middleware
2019-12-26 17:18:51,177 INFO 97205 [egg-security] use xframe middleware
2019-12-26 17:18:51,178 INFO 97205 [egg-security] use dta middleware
2019-12-26 17:18:51,178 INFO 97205 [egg-security] compose 7 middlewares into one security middleware
2019-12-26 17:18:51,194 INFO 97205 [egg:core] dump config after load, 12ms
2019-12-26 17:18:51,216 INFO 97205 [egg-watcher:application] watcher start success
2019-12-26 17:18:51,227 INFO 97205 [egg:core] dump config after ready, 4ms
2019-12-26 17:19:24,417 INFO 97291 [egg:logger] init all loggers with options: {"dir":"/Users/liukang/Documents/entrance/work/github/defender/logs/defender2","encoding":"utf8","env":"local","level":"INFO","consoleLevel":"INFO","disableConsoleAfterReady":false,"outputJSON":false,"buffer":true,"appLogName":"defender2-web.log","coreLogName":"egg-web.log","agentLogName":"egg-agent.log","errorLogName":"common-error.log","coreLogger":{"consoleLevel":"WARN"},"allowDebugAtProd":false,"type":"application"}
2019-12-26 17:19:24,458 INFO 97291 [egg-multipart] stream mode enable
2019-12-26 17:19:24,459 INFO 97291 [egg-mysql] connecting root@localhost:3306/defender
2019-12-26 17:19:24,642 INFO 97291 [egg-static] starting static serve /public/ -> /Users/liukang/Documents/entrance/work/github/defender/app/public
2019-12-26 17:19:24,645 INFO 97291 [egg-security] use csrf middleware
2019-12-26 17:19:24,646 INFO 97291 [egg-security] use methodnoallow middleware
2019-12-26 17:19:24,647 INFO 97291 [egg-security] use noopen middleware
2019-12-26 17:19:24,649 INFO 97291 [egg-security] use nosniff middleware
2019-12-26 17:19:24,649 INFO 97291 [egg-security] use xssProtection middleware
2019-12-26 17:19:24,650 INFO 97291 [egg-security] use xframe middleware
2019-12-26 17:19:24,651 INFO 97291 [egg-security] use dta middleware
2019-12-26 17:19:24,651 INFO 97291 [egg-security] compose 7 middlewares into one security middleware
2019-12-26 17:19:24,662 INFO 97291 [egg:core] dump config after load, 6ms
2019-12-26 17:19:24,682 INFO 97291 [egg-watcher:application] watcher start success
2019-12-26 17:19:24,693 INFO 97291 [egg:core] dump config after ready, 4ms
2019-12-26 17:32:43,873 INFO 98448 [egg:logger] init all loggers with options: {"dir":"/Users/liukang/Documents/entrance/work/github/defender/logs/defender2","encoding":"utf8","env":"local","level":"INFO","consoleLevel":"INFO","disableConsoleAfterReady":false,"outputJSON":false,"buffer":true,"appLogName":"defender2-web.log","coreLogName":"egg-web.log","agentLogName":"egg-agent.log","errorLogName":"common-error.log","coreLogger":{"consoleLevel":"WARN"},"allowDebugAtProd":false,"type":"application"}
2019-12-26 17:32:43,904 INFO 98448 [egg-multipart] stream mode enable
2019-12-26 17:32:43,905 INFO 98448 [egg-mysql] connecting root@localhost:3306/defender
2019-12-26 17:32:44,086 INFO 98448 [egg-static] starting static serve /public/ -> /Users/liukang/Documents/entrance/work/github/defender/app/public
2019-12-26 17:32:44,090 INFO 98448 [egg-security] use csrf middleware
2019-12-26 17:32:44,091 INFO 98448 [egg-security] use methodnoallow middleware
2019-12-26 17:32:44,091 INFO 98448 [egg-security] use noopen middleware
2019-12-26 17:32:44,092 INFO 98448 [egg-security] use nosniff middleware
2019-12-26 17:32:44,093 INFO 98448 [egg-security] use xssProtection middleware
2019-12-26 17:32:44,094 INFO 98448 [egg-security] use xframe middleware
2019-12-26 17:32:44,095 INFO 98448 [egg-security] use dta middleware
2019-12-26 17:32:44,095 INFO 98448 [egg-security] compose 7 middlewares into one security middleware
2019-12-26 17:32:44,106 INFO 98448 [egg:core] dump config after load, 6ms
2019-12-26 17:32:44,124 INFO 98448 [egg-watcher:application] watcher start success
2019-12-26 17:32:44,133 INFO 98448 [egg:core] dump config after ready, 3ms
2019-12-26 17:32:56,994 INFO 98481 [egg:logger] init all loggers with options: {"dir":"/Users/liukang/Documents/entrance/work/github/defender/logs/defender2","encoding":"utf8","env":"local","level":"INFO","consoleLevel":"INFO","disableConsoleAfterReady":false,"outputJSON":false,"buffer":true,"appLogName":"defender2-web.log","coreLogName":"egg-web.log","agentLogName":"egg-agent.log","errorLogName":"common-error.log","coreLogger":{"consoleLevel":"WARN"},"allowDebugAtProd":false,"type":"application"}
2019-12-26 17:32:57,019 INFO 98481 [egg-multipart] stream mode enable
2019-12-26 17:32:57,096 INFO 98481 [egg-static] starting static serve /public/ -> /Users/liukang/Documents/entrance/work/github/defender/app/public
2019-12-26 17:32:57,099 INFO 98481 [egg-security] use csrf middleware
2019-12-26 17:32:57,100 INFO 98481 [egg-security] use methodnoallow middleware
2019-12-26 17:32:57,101 INFO 98481 [egg-security] use noopen middleware
2019-12-26 17:32:57,102 INFO 98481 [egg-security] use nosniff middleware
2019-12-26 17:32:57,103 INFO 98481 [egg-security] use xssProtection middleware
2019-12-26 17:32:57,104 INFO 98481 [egg-security] use xframe middleware
2019-12-26 17:32:57,105 INFO 98481 [egg-security] use dta middleware
2019-12-26 17:32:57,105 INFO 98481 [egg-security] compose 7 middlewares into one security middleware
2019-12-26 17:32:57,115 INFO 98481 [egg:core] dump config after load, 5ms
2019-12-26 17:32:57,130 INFO 98481 [egg-watcher:application] watcher start success
2019-12-26 17:32:57,136 INFO 98481 [egg:core] dump config after ready, 4ms
2019-12-26 17:33:36,958 INFO 98561 [egg:logger] init all loggers with options: {"dir":"/Users/liukang/Documents/entrance/work/github/defender/logs/defender2","encoding":"utf8","env":"local","level":"INFO","consoleLevel":"INFO","disableConsoleAfterReady":false,"outputJSON":false,"buffer":true,"appLogName":"defender2-web.log","coreLogName":"egg-web.log","agentLogName":"egg-agent.log","errorLogName":"common-error.log","coreLogger":{"consoleLevel":"WARN"},"allowDebugAtProd":false,"type":"application"}
2019-12-26 17:33:36,984 INFO 98561 [egg-multipart] stream mode enable
2019-12-26 17:33:36,984 INFO 98561 [egg-mysql] connecting root@localhost:3306/defender
2019-12-26 17:33:37,143 INFO 98561 [egg-static] starting static serve /public/ -> /Users/liukang/Documents/entrance/work/github/defender/app/public
2019-12-26 17:33:37,146 INFO 98561 [egg-security] use csrf middleware
2019-12-26 17:33:37,147 INFO 98561 [egg-security] use methodnoallow middleware
2019-12-26 17:33:37,148 INFO 98561 [egg-security] use noopen middleware
2019-12-26 17:33:37,149 INFO 98561 [egg-security] use nosniff middleware
2019-12-26 17:33:37,150 INFO 98561 [egg-security] use xssProtection middleware
2019-12-26 17:33:37,150 INFO 98561 [egg-security] use xframe middleware
2019-12-26 17:33:37,151 INFO 98561 [egg-security] use dta middleware
2019-12-26 17:33:37,151 INFO 98561 [egg-security] compose 7 middlewares into one security middleware
2019-12-26 17:33:37,161 INFO 98561 [egg:core] dump config after load, 5ms
2019-12-26 17:33:37,178 INFO 98561 [egg-watcher:application] watcher start success
2019-12-26 17:33:37,186 INFO 98561 [egg:core] dump config after ready, 3ms
2019-12-26 17:35:40,422 INFO 98760 [egg:logger] init all loggers with options: {"dir":"/Users/liukang/Documents/entrance/work/github/defender/logs/defender2","encoding":"utf8","env":"local","level":"INFO","consoleLevel":"INFO","disableConsoleAfterReady":false,"outputJSON":false,"buffer":true,"appLogName":"defender2-web.log","coreLogName":"egg-web.log","agentLogName":"egg-agent.log","errorLogName":"common-error.log","coreLogger":{"consoleLevel":"WARN"},"allowDebugAtProd":false,"type":"application"}
2019-12-26 17:35:40,449 INFO 98760 [egg-multipart] stream mode enable
2019-12-26 17:35:40,449 INFO 98760 [egg-mysql] connecting root@localhost:3306/defender
2019-12-26 17:35:40,573 INFO 98760 [egg-static] starting static serve /public/ -> /Users/liukang/Documents/entrance/work/github/defender/app/public
2019-12-26 17:35:40,575 INFO 98760 [egg-security] use csrf middleware
2019-12-26 17:35:40,576 INFO 98760 [egg-security] use methodnoallow middleware
2019-12-26 17:35:40,576 INFO 98760 [egg-security] use noopen middleware
2019-12-26 17:35:40,577 INFO 98760 [egg-security] use nosniff middleware
2019-12-26 17:35:40,577 INFO 98760 [egg-security] use xssProtection middleware
2019-12-26 17:35:40,578 INFO 98760 [egg-security] use xframe middleware
2019-12-26 17:35:40,578 INFO 98760 [egg-security] use dta middleware
2019-12-26 17:35:40,578 INFO 98760 [egg-security] compose 7 middlewares into one security middleware
2019-12-26 17:35:40,586 INFO 98760 [egg:core] dump config after load, 4ms
2019-12-26 17:35:40,604 INFO 98760 [egg-watcher:application] watcher start success
2019-12-26 17:35:40,662 INFO 98760 [egg-mysql] instance[0] status OK, rds currentTime: Thu Dec 26 2019 17:35:40 GMT+0800 (GMT+08:00)
2019-12-26 17:35:40,668 INFO 98760 [egg:core] dump config after ready, 4ms
